yarn add v1.22.19
[1/4] Resolving packages...
(node:38871) [DEP0040] DeprecationWarning: The `punycode` module is deprecated. Please use a userland alternative instead.
(Use `node --trace-deprecation ...` to show where the warning was created)
[2/4] Fetching packages...
warning Pattern ["string-width@^4.1.0"] is trying to unpack in the same destination "/Users/ai/Library/Caches/Yarn/v6/npm-string-width-cjs-4.2.3-269c7117d27b05ad2e536830a8ec895ef9c6d010-integrity/node_modules/string-width-cjs" as pattern ["string-width-cjs@npm:string-width@^4.2.0"]. This could result in non-deterministic behavior, skipping.
warning Pattern ["string-width@^4.2.3"] is trying to unpack in the same destination "/Users/ai/Library/Caches/Yarn/v6/npm-string-width-cjs-4.2.3-269c7117d27b05ad2e536830a8ec895ef9c6d010-integrity/node_modules/string-width-cjs" as pattern ["string-width-cjs@npm:string-width@^4.2.0"]. This could result in non-deterministic behavior, skipping.
warning Pattern ["string-width@^4.2.0"] is trying to unpack in the same destination "/Users/ai/Library/Caches/Yarn/v6/npm-string-width-cjs-4.2.3-269c7117d27b05ad2e536830a8ec895ef9c6d010-integrity/node_modules/string-width-cjs" as pattern ["string-width-cjs@npm:string-width@^4.2.0"]. This could result in non-deterministic behavior, skipping.
warning Pattern ["wrap-ansi@^7.0.0"] is trying to unpack in the same destination "/Users/ai/Library/Caches/Yarn/v6/npm-wrap-ansi-cjs-7.0.0-67e145cff510a6a6984bdf1152911d69d2eb9e43-integrity/node_modules/wrap-ansi-cjs" as pattern ["wrap-ansi-cjs@npm:wrap-ansi@^7.0.0"]. This could result in non-deterministic behavior, skipping.
warning Pattern ["string-width@^1.0.2 || 2 || 3 || 4"] is trying to unpack in the same destination "/Users/ai/Library/Caches/Yarn/v6/npm-string-width-cjs-4.2.3-269c7117d27b05ad2e536830a8ec895ef9c6d010-integrity/node_modules/string-width-cjs" as pattern ["string-width-cjs@npm:string-width@^4.2.0"]. This could result in non-deterministic behavior, skipping.
warning chart.js@4.2.1: The engine "pnpm" appears to be invalid.
[3/4] Linking dependencies...
warning " > @mui/styles@5.11.13" has incorrect peer dependency "react@^17.0.0".
warning "@storybook/nextjs > css-loader@6.7.3" has unmet peer dependency "webpack@^5.0.0".
warning "@storybook/nextjs > node-polyfill-webpack-plugin@2.0.1" has unmet peer dependency "webpack@>=5".
warning "@storybook/nextjs > postcss-loader@7.2.4" has unmet peer dependency "webpack@^5.0.0".
warning "@storybook/nextjs > sass-loader@12.6.0" has unmet peer dependency "webpack@^5.0.0".
warning "@storybook/nextjs > style-loader@3.3.2" has unmet peer dependency "webpack@^5.0.0".
warning "@storybook/nextjs > postcss-loader > cosmiconfig-typescript-loader@4.3.0" has unmet peer dependency "ts-node@>=10".
error An unexpected error occurred: "EEXIST: file already exists, symlink '../acorn/bin/acorn' -> '/Users/ai/dev/Asagiri/ag-grid-next/node_modules/@storybook/react/node_modules/acorn-jsx/node_modules/.bin/acorn'".
info If you think this is a bug, please open a bug report with the information provided in "/Users/ai/dev/Asagiri/ag-grid-next/yarn-error.log".
info Visit https://yarnpkg.com/en/docs/cli/add for documentation about this command.
